<?xml version="1.0" encoding="UTF-8"?>
<testsuite name="Test QaTools.com" tests="1" skipped="0" failures="0" errors="0" timestamp="2022-03-17T18:07:22" hostname="air-de-ramiro" time="5.898">
  <properties/>
  <testcase name="As Test Automation, I test iFrame funcionality on Alerts, Frame and Windows." classname="Test QaTools.com" time="5.898"/>
  <system-out><![CDATA[
@QaToolsText @iFrame
Scenario: As Test Automation, I test iFrame funcionality on Alerts, Frame and Windows. # src/test/resources/features/QaTools.feature:133
  Given I navigate to QaTools.com                                                      # steps.QaToolsSteps.navigateToQaTools()
  When Scroll Web                                                                      # steps.QaToolsSteps.scrollWeb()
  And Click on Alerts, Frame and Windows                                               # steps.QaToolsSteps.clickOnAlertsFrameAndWindow()
  And Click on Frames                                                                  # steps.QaToolsSteps.clickOnFrameButton()
  When Switch to 1 Frame                                                               # steps.QaToolsSteps.switchTo1Frame()
]]></system-out>
  <system-err><![CDATA[SLF4J: Failed to load class "org.slf4j.impl.StaticLoggerBinder".
SLF4J: Defaulting to no-operation (NOP) logger implementation
SLF4J: See http://www.slf4j.org/codes.html#StaticLoggerBinder for further details.
Starting ChromeDriver 99.0.4844.51 (d537ec02474b5afe23684e7963d538896c63ac77-refs/branch-heads/4844@{#875}) on port 54421
Only local connections are allowed.
Please see https://chromedriver.chromium.org/security-considerations for suggestions on keeping ChromeDriver safe.
ChromeDriver was started successfully.
mar. 17, 2022 3:07:23 P.?M. org.openqa.selenium.remote.ProtocolHandshake createSession
INFORMACI?N: Detected dialect: W3C
mar. 17, 2022 3:07:23 P.?M. org.openqa.selenium.devtools.CdpVersionFinder findNearestMatch
ADVERTENCIA: Unable to find an exact match for CDP version 99, so returning the closest version found: 97
mar. 17, 2022 3:07:23 P.?M. org.openqa.selenium.devtools.CdpVersionFinder findNearestMatch
INFORMACI?N: Found CDP implementation for version 99 of 97
]]></system-err>
</testsuite>
