<?xml version="1.0" encoding="UTF-8"?>
<testsuite name="runner.Runner" tests="0" skipped="0" failures="0" errors="0" timestamp="1970-01-01T00:00:00" hostname="192.168.1.4" time="0.0">
  <properties/>
  <system-out><![CDATA[
@QaToolsText @iFrame
Scenario: As Test Automation, I test iFrame funcionality on Alerts, Frame and Windows. # src/test/resources/features/QaTools.feature:132
  Given I navigate to QaTools.com                                                      # steps.QaToolsSteps.navigateToQaTools()
  When Scroll Web                                                                      # steps.QaToolsSteps.scrollWeb()
      org.openqa.selenium.NoSuchWindowException: no such window: target window already closed
from unknown error: web view not found
  (Session info: chrome=107.0.5304.121)
Build info: version: '4.1.4', revision: '535d840ee2'
System info: host: '192.168.1.4', ip: '2800:a4:2676:a000:7974:de6a:3147:a0e4%en0', os.name: 'Mac OS X', os.arch: 'aarch64', os.version: '13.0', java.version: '17.0.1'
Driver info: org.openqa.selenium.chrome.ChromeDriver
Command: [5d27fd00eecdfd78ee1cb260cd4848d6, executeScript {script=window.scrollBy(0,250), args=[]}]
Capabilities {acceptInsecureCerts: false, browserName: chrome, browserVersion: 107.0.5304.121, chrome: {chromedriverVersion: 107.0.5304.62 (1eec40d3a576..., userDataDir: /var/folders/h_/83z9w6ss29l...}, goog:chromeOptions: {debuggerAddress: localhost:49938}, javascriptEnabled: true, networkConnectionEnabled: false, pageLoadStrategy: normal, platform: MAC, platformName: MAC, proxy: Proxy(), se:cdp: ws://localhost:49938/devtoo..., se:cdpVersion: 107.0.5304.121, setWindowRect: true, strictFileInteractability: false, timeouts: {implicit: 0, pageLoad: 300000, script: 30000}, unhandledPromptBehavior: dismiss and notify, webauthn:extension:credBlob: true, webauthn:extension:largeBlob: true, webauthn:virtualAuthenticators: true}
Session ID: 5d27fd00eecdfd78ee1cb260cd4848d6
	at java.base/jdk.internal.reflect.NativeConstructorAccessorImpl.newInstance0(Native Method)
	at java.base/jdk.internal.reflect.NativeConstructorAccessorImpl.newInstance(NativeConstructorAccessorImpl.java:77)
	at java.base/jdk.internal.reflect.DelegatingConstructorAccessorImpl.newInstance(DelegatingConstructorAccessorImpl.java:45)
	at java.base/java.lang.reflect.Constructor.newInstanceWithCaller(Constructor.java:499)
	at java.base/java.lang.reflect.Constructor.newInstance(Constructor.java:480)
	at org.openqa.selenium.remote.codec.w3c.W3CHttpResponseCodec.createException(W3CHttpResponseCodec.java:200)
	at org.openqa.selenium.remote.codec.w3c.W3CHttpResponseCodec.decode(W3CHttpResponseCodec.java:133)
	at org.openqa.selenium.remote.codec.w3c.W3CHttpResponseCodec.decode(W3CHttpResponseCodec.java:53)
	at org.openqa.selenium.remote.HttpCommandExecutor.execute(HttpCommandExecutor.java:184)
	at org.openqa.selenium.remote.service.DriverCommandExecutor.invokeExecute(DriverCommandExecutor.java:167)
	at org.openqa.selenium.remote.service.DriverCommandExecutor.execute(DriverCommandExecutor.java:142)
	at org.openqa.selenium.remote.RemoteWebDriver.execute(RemoteWebDriver.java:567)
	at org.openqa.selenium.remote.RemoteWebDriver.executeScript(RemoteWebDriver.java:501)
	at pages.BasePage.scrollllWeb(BasePage.java:88)
	at pages.QaDemoPage.scrollWindow(QaDemoPage.java:118)
	at steps.QaToolsSteps.scrollWeb(QaToolsSteps.java:31)
	at ✽.Scroll Web(file:///Users/ramirocaceres/IdeaProjects/Automation/src/test/resources/features/QaTools.feature:7)

  And Click on Alerts, Frame and Windows                                               # steps.QaToolsSteps.clickOnAlertsFrameAndWindow()
  And Click on Frames                                                                  # steps.QaToolsSteps.clickOnFrameButton()
  When Switch to 1 Frame                                                               # steps.QaToolsSteps.switchTo1Frame()
]]></system-out>
  <system-err><![CDATA[┌───────────────────────────────────────────────────────────────────────────────────┐
│ Share your Cucumber Report with your team at https://reports.cucumber.io          │
│ Activate publishing with one of the following:                                    │
│                                                                                   │
│ src/test/resources/cucumber.properties:          cucumber.publish.enabled=true    │
│ src/test/resources/junit-platform.properties:    cucumber.publish.enabled=true    │
│ Environment variable:                            CUCUMBER_PUBLISH_ENABLED=true    │
│ JUnit:                                           @CucumberOptions(publish = true) │
│                                                                                   │
│ More information at https://cucumber.io/docs/cucumber/environment-variables/      │
│                                                                                   │
│ Disable this message with one of the following:                                   │
│                                                                                   │
│ src/test/resources/cucumber.properties:          cucumber.publish.quiet=true      │
│ src/test/resources/junit-platform.properties:    cucumber.publish.quiet=true      │
└───────────────────────────────────────────────────────────────────────────────────┘
]]></system-err>
</testsuite>
